C51 COMPILER V9.60.7.0   MAIN                                                              08/04/2023 13:37:36 PAGE 1   


C51 COMPILER V9.60.7.0, COMPILATION OF MODULE MAIN
OBJECT MODULE PLACED IN .\Objects\main.obj
COMPILER INVOKED BY: C:\Keil_v5\C51\BIN\C51.EXE main.c OPTIMIZE(8,SPEED) BROWSE DEBUG OBJECTEXTEND PRINT(.\Listings\main
                    -.lst) TABS(2) OBJECT(.\Objects\main.obj)

line level    source

   1          #include <reg51.h>
   2          
   3          sbit LED = P1^1;
   4          sbit BUTTON = P1^0;
   5          
   6          void main(void)
   7          {
   8   1      
   9   1          // Set Button as input and led as output
  10   1          BUTTON = 1;
  11   1          LED = 0;
  12   1          while(1)
  13   1          {
  14   2              if(BUTTON == 0) // when button is pressed
  15   2                  LED = 1;
  16   2              else
  17   2                  LED = 0;
  18   2          }
  19   1      }


MODULE INFORMATION:   STATIC OVERLAYABLE
   CODE SIZE        =     15    ----
   CONSTANT SIZE    =   ----    ----
   XDATA SIZE       =   ----    ----
   PDATA SIZE       =   ----    ----
   DATA SIZE        =   ----    ----
   IDATA SIZE       =   ----    ----
   BIT SIZE         =   ----    ----
END OF MODULE INFORMATION.


C51 COMPILATION COMPLETE.  0 WARNING(S),  0 ERROR(S)
